<?xml version="1.0" encoding="UTF-8"?>
<testng-results skipped="0" failed="0" total="1" passed="1">
  <reporter-output>
  </reporter-output>
  <suite name="Default suite" duration-ms="42821" started-at="2016-10-21T10:01:19Z" finished-at="2016-10-21T10:02:02Z">
    <groups>
    </groups>
    <test name="Default test" duration-ms="42821" started-at="2016-10-21T10:01:19Z" finished-at="2016-10-21T10:02:02Z">
      <class name="com.app.test.andriod.ContactsTest">
        <test-method status="PASS" signature="setUp()[pri:0, instance:com.app.test.andriod.ContactsTest@783e6358]" name="setUp" is-config="true" duration-ms="13408" started-at="2016-10-21T18:01:19Z" finished-at="2016-10-21T18:01:32Z">
          <reporter-output>
          </reporter-output>
        </test-method> <!-- setUp -->
        <test-method status="PASS" signature="addContact()[pri:0, instance:com.app.test.andriod.ContactsTest@783e6358]" name="addContact" duration-ms="28548" started-at="2016-10-21T18:01:32Z" finished-at="2016-10-21T18:02:01Z">
          <reporter-output>
          </reporter-output>
        </test-method> <!-- addContact -->
        <test-method status="PASS" signature="tearDown()[pri:0, instance:com.app.test.andriod.ContactsTest@783e6358]" name="tearDown" is-config="true" duration-ms="843" started-at="2016-10-21T18:02:01Z" finished-at="2016-10-21T18:02:02Z">
          <reporter-output>
          </reporter-output>
        </test-method> <!-- tearDown -->
      </class> <!-- com.app.test.andriod.ContactsTest -->
    </test> <!-- Default test -->
  </suite> <!-- Default suite -->
</testng-results>
